
Login attempt for: STU2024001
User exists in DB: NO

Login attempt for: STU2024001
User exists in DB: NO

Login attempt for: STU2024001
User exists in DB: YES
User is_active: True
Authenticate: SUCCESS

Login attempt for: STU2024001
User exists in DB: YES
User is_active: True
Authenticate: SUCCESS

Login attempt for: STU2024002
User exists in DB: YES
User is_active: True

Login attempt for: STU2024002
User exists in DB: YES
User is_active: True

Login attempt for: STU2024002
User exists in DB: YES
User is_active: True
Authenticate: SUCCESS

Login attempt for: STU2024001
User exists in DB: YES
User is_active: True
Authenticate: SUCCESS

Login attempt for: STU2024001
User exists in DB: YES
User is_active: True
Authenticate: SUCCESS

Login attempt for: STU2024001
User exists in DB: YES
User is_active: True
Authenticate: SUCCESS

Login attempt for: STU2024001
User exists in DB: YES
User is_active: True
Authenticate: SUCCESS

Login attempt for: STU2024001
User exists in DB: YES
User is_active: True
Authenticate: SUCCESS

Login attempt for: STU2024002
User exists in DB: YES
User is_active: True
Authenticate: SUCCESS

Login attempt for: STU2024001
User exists in DB: YES
User is_active: True
Authenticate: SUCCESS

Login attempt for: STU2024001
User exists in DB: YES
User is_active: True

Login attempt for: STU2024001
User exists in DB: YES
User is_active: True

Login attempt for: STU2024001
User exists in DB: YES
User is_active: True
Authenticate: SUCCESS
Authenticate: SUCCESS
Authenticate: SUCCESS

Login attempt for: STU2024002
User exists in DB: YES
User is_active: True
Authenticate: SUCCESS

Login attempt for: STU2024001
User exists in DB: YES
User is_active: True

Login attempt for: STU2024001
User exists in DB: YES
User is_active: True
Authenticate: SUCCESS
Authenticate: SUCCESS

Login attempt for: STU2024002
User exists in DB: YES
User is_active: True

Login attempt for: STU2024002
User exists in DB: YES
User is_active: True
Authenticate: SUCCESS
Authenticate: SUCCESS

Login attempt for: STU2024001
User exists in DB: YES
User is_active: True

Login attempt for: STU2024001
User exists in DB: YES
User is_active: True
Authenticate: SUCCESS
Authenticate: SUCCESS

Login attempt for: STU2024001
User exists in DB: YES
User is_active: True
Authenticate: SUCCESS

Login attempt for: STU2024001
User exists in DB: YES
User is_active: True
Authenticate: SUCCESS

Login attempt for: STU2024001
User exists in DB: YES
User is_active: True
Authenticate: SUCCESS

Login attempt for: STU2024001
User exists in DB: YES
User is_active: True
Authenticate: SUCCESS
